<?xml version="1.0" encoding="UTF-8"?>
<!-- Generated by org.testng.reporters.JUnitReportReporter -->
<testsuite name="Test.CreatAccountTeast" tests="1" time="3.643" ignored="0" failures="0" timestamp="02 May 2023 20:09:21 GMT" skipped="0" hostname="LAPTOP-UINV7UI8" errors="0">
  <testcase name="creataccounttest" time="3.643" classname="Test.CreatAccountTeast"/>
</testsuite> <!-- Test.CreatAccountTeast -->
