<?xml version="1.0" encoding="UTF-8"?>
<!-- Generated by org.testng.reporters.JUnitReportReporter -->
<testsuite name="Test1.HomePageTest1" tests="1" time="0.201" ignored="0" failures="0" timestamp="25 Apr 2023 04:50:05 GMT" skipped="0" hostname="LAPTOP-UINV7UI8" errors="0">
  <testcase name="homepagetest" time="0.201" classname="Test1.HomePageTest1"/>
</testsuite> <!-- Test1.HomePageTest1 -->
